2014-11-17 21:42:04.851 Gameboard[2141:68861] DiskCookieStorage changing policy from 2 to 0, cookie file: file:///Users/matthewperrins/Library/Developer/CoreSimulator/Devices/A74E59A4-A04B-428C-8B77-9C9026146385/data/Containers/Data/Application/1D000728-D64C-47C0-B1A7-753BAE35F7C6/Library/Cookies/Cookies.binarycookies
2014-11-17 21:42:05.136 Gameboard[2141:68861] Apache Cordova native platform version 3.7.0 is starting.
2014-11-17 21:42:05.136 Gameboard[2141:68861] Multi-tasking -> Device: YES, App: YES
2014-11-17 21:42:05.151 Gameboard[2141:68861] Unlimited access to network resources
2014-11-17 21:42:05.164 Gameboard[2141:68861] 

Started backup to iCloud! Please be careful.
Your application might be rejected by Apple if you store too much data.
For more information please read "iOS Data Storage Guidelines" at:
https://developer.apple.com/icloud/documentation/data-storage/
To disable web storage backup to iCloud, set the BackupWebStorage preference to "local" in the Cordova config.xml file

2014-11-17 21:42:06.498 Gameboard[2141:68861] Resetting plugins due to page load.
2014-11-17 21:42:06.879 Gameboard[2141:68861] Finished load of: file:///Users/matthewperrins/Library/Developer/CoreSimulator/Devices/A74E59A4-A04B-428C-8B77-9C9026146385/data/Containers/Bundle/Application/E54AFA75-E5C2-4E2A-A879-399417ACE0F7/Gameboard.app/www/index.html#/signin
2014-11-17 21:42:41.719 Gameboard[2141:68861] Signon to the application
2014-11-17 21:42:41.719 Gameboard[2141:68861] CloudCode URL:http://localhost:3000/gameboard-cloud/v1/apps/ad023345-1722-44f6-94bb-bb408d90f527/genres
2014-11-17 21:42:41.825 Gameboard[2141:68861] {"name":"HttpRequestError","message":"Error communicating with server","info":{"status":"error","exception":"","requestHeaders":{"IBM-APPLICATION-ID":"ad023345-1722-44f6-94bb-bb408d90f527","IBM-APPLICATION-SECRET":"f3801e5e2461e1327e9184564b211be5fd29906e","IBM-DEVICE-TYPE":"WEB","IBM-DEVICE-ID":"df3495f2-c730-433-a26-46d58811cfad","IBM-DEVICE-MODEL":"Mozilla/5.0 (iPhone; CPU iPhone OS 10_10_1 like Mac OS X) AppleWebKit/600.1.4 (KHTML, like Gecko) Mobile/12B411 (236988880)","IBM-DEVICE-PLATFORM-VERSION":"OS: iPhone Simulator","IBM-DEVICE-NAME":"Vendor: Apple Computer, Inc., Browser: 5.0 (iPhone; CPU iPhone OS 10_10_1 like Mac OS X) AppleWebKit/600.1.4 (KHTML, like Gecko) Mobile/12B411 (236988880)","IBM-REQUEST-CORRELATION-ID":1416260561802},"requestOptions":{"url":"http://localhost:3000/gameboard-cloud/v1/apps/ad023345-1722-44f6-94bb-bb408d90f527/genres","headers":{"IBM-APPLICATION-ID":"ad023345-1722-44f6-94bb-bb408d90f527","IBM-APPLICATION-SECRET":"f3801e5e2461e1327e9184564b211be5fd29906e","IBM-DEVICE-TYPE":"WEB","IBM-DEVICE-ID":"df3495f2-c730-433-a26-46d58811cfad","IBM-DEVICE-MODEL":"Mozilla/5.0 (iPhone; CPU iPhone OS 10_10_1 like Mac OS X) AppleWebKit/600.1.4 (KHTML, like Gecko) Mobile/12B411 (236988880)","IBM-DEVICE-PLATFORM-VERSION":"OS: iPhone Simulator","IBM-DEVICE-NAME":"Vendor: Apple Computer, Inc., Browser: 5.0 (iPhone; CPU iPhone OS 10_10_1 like Mac OS X) AppleWebKit/600.1.4 (KHTML, like Gecko) Mobile/12B411 (236988880)","IBM-REQUEST-CORRELATION-ID":1416260561802},"timeout":10000,"type":"GET","dataType":"json","contentType":false}},"stack":"f@file:///Users/matthewperrins/Library/Developer/CoreSimulator/Devices/A74E59A4-A04B-428C-8B77-9C9026146385/data/Containers/Bundle/Application/E54AFA75-E5C2-4E2A-A879-399417ACE0F7/Gameboard.app/www/lib/gameboard-mobile-app.vendor.min.js:85:9753\nk@file:///Users/matthewperrins/Library/Developer/CoreSimulator/Devices/A74E59A4-A04B-428C-8B77-9C9026146385/data/Containers/Bundle/Application/E54AFA75-E5C2-4E2A-A879-399417ACE0F7/Gameboard.app/www/lib/gameboard-mobile-app.vendor.min.js:85:22194\nm@file:///Users/matthewperrins/Library/Developer/CoreSimulator/Devices/A74E59A4-A04B-428C-8B77-9C9026146385/data/Containers/Bundle/Application/E54AFA75-E5C2-4E2A-A879-399417ACE0F7/Gameboard.app/www/lib/gameboard-mobile-app.vendor.min.js:85:22403\nfile:///Users/matthewperrins/Library/Developer/CoreSimulator/Devices/A74E59A4-A04B-428C-8B77-9C9026146385/data/Containers/Bundle/Application/E54AFA75-E5C2-4E2A-A879-399417ACE0F7/Gameboard.app/www/lib/gameboard-mobile-app.vendor.min.js:87:463\nk@file:///Users/matthewperrins/Library/Developer/CoreSimulator/Devices/A74E59A4-A04B-428C-8B77-9C9026146385/data/Containers/Bundle/Application/E54AFA75-E5C2-4E2A-A879-399417ACE0F7/Gameboard.app/www/lib/gameboard-mobile-app.vendor.min.js:85:44597\nfireWith@file:///Users/matthewperrins/Library/Developer/CoreSimulator/Devices/A74E59A4-A04B-428C-8B77-9C9026146385/data/Containers/Bundle/Application/E54AFA75-E5C2-4E2A-A879-399417ACE0F7/Gameboard.app/www/lib/gameboard-mobile-app.vendor.min.js:85:74271\nc@file:///Users/matthewperrins/Library/Developer/CoreSimulator/Devices/A74E59A4-A04B-428C-8B77-9C9026146385/data/Containers/Bundle/Application/E54AFA75-E5C2-4E2A-A879-399417ACE0F7/Gameboard.app/www/lib/gameboard-mobile-app.vendor.min.js:86:26101\nfile:///Users/matthewperrins/Library/Developer/CoreSimulator/Devices/A74E59A4-A04B-428C-8B77-9C9026146385/data/Containers/Bundle/Application/E54AFA75-E5C2-4E2A-A879-399417ACE0F7/Gameboard.app/www/lib/gameboard-mobile-app.vendor.min.js:86:31016"}
2014-11-21 23:05:29.574 Gameboard[8214:2571752] DiskCookieStorage changing policy from 2 to 0, cookie file: file:///Users/matthewperrins/Library/Developer/CoreSimulator/Devices/A74E59A4-A04B-428C-8B77-9C9026146385/data/Containers/Data/Application/CF6B6854-2FE4-4685-815C-4EB2CD830B25/Library/Cookies/Cookies.binarycookies
2014-11-21 23:05:30.041 Gameboard[8214:2571752] Apache Cordova native platform version 3.7.0 is starting.
2014-11-21 23:05:30.042 Gameboard[8214:2571752] Multi-tasking -> Device: YES, App: YES
2014-11-21 23:05:30.064 Gameboard[8214:2571752] Unlimited access to network resources
2014-11-21 23:05:30.081 Gameboard[8214:2571752] 

Started backup to iCloud! Please be careful.
Your application might be rejected by Apple if you store too much data.
For more information please read "iOS Data Storage Guidelines" at:
https://developer.apple.com/icloud/documentation/data-storage/
To disable web storage backup to iCloud, set the BackupWebStorage preference to "local" in the Cordova config.xml file

2014-11-21 23:05:31.345 Gameboard[8214:2571752] Resetting plugins due to page load.
2014-11-21 23:05:32.079 Gameboard[8214:2571752] Finished load of: file:///Users/matthewperrins/Library/Developer/CoreSimulator/Devices/A74E59A4-A04B-428C-8B77-9C9026146385/data/Containers/Bundle/Application/17667A32-CFE2-471F-A564-0EA3AE8D5406/Gameboard.app/www/index.html#/signin
2014-11-21 23:06:52.969 Gameboard[8214:2571752] Signon to the application
2014-11-21 23:06:52.970 Gameboard[8214:2571752] CloudCode URL:http://localhost:3002/gameboard-cloud/v1/apps/ad023345-1722-44f6-94bb-bb408d90f527/genres
2014-11-21 23:06:53.205 Gameboard[8214:2571752] {"name":"HttpRequestError","message":"Error communicating with server","info":{"status":"error","exception":"","requestHeaders":{"IBM-APPLICATION-ID":"ad023345-1722-44f6-94bb-bb408d90f527","IBM-APPLICATION-SECRET":"f3801e5e2461e1327e9184564b211be5fd29906e","IBM-DEVICE-TYPE":"WEB","IBM-DEVICE-ID":"df3495f2-c730-433-a26-46d58811cfad","IBM-DEVICE-MODEL":"Mozilla/5.0 (iPhone; CPU iPhone OS 10_10_1 like Mac OS X) AppleWebKit/600.1.4 (KHTML, like Gecko) Mobile/12B411 (2064156208)","IBM-DEVICE-PLATFORM-VERSION":"OS: iPhone Simulator","IBM-DEVICE-NAME":"Vendor: Apple Computer, Inc., Browser: 5.0 (iPhone; CPU iPhone OS 10_10_1 like Mac OS X) AppleWebKit/600.1.4 (KHTML, like Gecko) Mobile/12B411 (2064156208)","IBM-REQUEST-CORRELATION-ID":1416611213165},"requestOptions":{"url":"http://localhost:3002/gameboard-cloud/v1/apps/ad023345-1722-44f6-94bb-bb408d90f527/genres","headers":{"IBM-APPLICATION-ID":"ad023345-1722-44f6-94bb-bb408d90f527","IBM-APPLICATION-SECRET":"f3801e5e2461e1327e9184564b211be5fd29906e","IBM-DEVICE-TYPE":"WEB","IBM-DEVICE-ID":"df3495f2-c730-433-a26-46d58811cfad","IBM-DEVICE-MODEL":"Mozilla/5.0 (iPhone; CPU iPhone OS 10_10_1 like Mac OS X) AppleWebKit/600.1.4 (KHTML, like Gecko) Mobile/12B411 (2064156208)","IBM-DEVICE-PLATFORM-VERSION":"OS: iPhone Simulator","IBM-DEVICE-NAME":"Vendor: Apple Computer, Inc., Browser: 5.0 (iPhone; CPU iPhone OS 10_10_1 like Mac OS X) AppleWebKit/600.1.4 (KHTML, like Gecko) Mobile/12B411 (2064156208)","IBM-REQUEST-CORRELATION-ID":1416611213165},"timeout":10000,"type":"GET","dataType":"json","contentType":false}},"stack":"f@file:///Users/matthewperrins/Library/Developer/CoreSimulator/Devices/A74E59A4-A04B-428C-8B77-9C9026146385/data/Containers/Bundle/Application/17667A32-CFE2-471F-A564-0EA3AE8D5406/Gameboard.app/www/lib/gameboard-mobile-app.vendor.min.js:85:9753\nk@file:///Users/matthewperrins/Library/Developer/CoreSimulator/Devices/A74E59A4-A04B-428C-8B77-9C9026146385/data/Containers/Bundle/Application/17667A32-CFE2-471F-A564-0EA3AE8D5406/Gameboard.app/www/lib/gameboard-mobile-app.vendor.min.js:85:22194\nm@file:///Users/matthewperrins/Library/Developer/CoreSimulator/Devices/A74E59A4-A04B-428C-8B77-9C9026146385/data/Containers/Bundle/Application/17667A32-CFE2-471F-A564-0EA3AE8D5406/Gameboard.app/www/lib/gameboard-mobile-app.vendor.min.js:85:22403\nfile:///Users/matthewperrins/Library/Developer/CoreSimulator/Devices/A74E59A4-A04B-428C-8B77-9C9026146385/data/Containers/Bundle/Application/17667A32-CFE2-471F-A564-0EA3AE8D5406/Gameboard.app/www/lib/gameboard-mobile-app.vendor.min.js:87:463\nk@file:///Users/matthewperrins/Library/Developer/CoreSimulator/Devices/A74E59A4-A04B-428C-8B77-9C9026146385/data/Containers/Bundle/Application/17667A32-CFE2-471F-A564-0EA3AE8D5406/Gameboard.app/www/lib/gameboard-mobile-app.vendor.min.js:85:44597\nfireWith@file:///Users/matthewperrins/Library/Developer/CoreSimulator/Devices/A74E59A4-A04B-428C-8B77-9C9026146385/data/Containers/Bundle/Application/17667A32-CFE2-471F-A564-0EA3AE8D5406/Gameboard.app/www/lib/gameboard-mobile-app.vendor.min.js:85:74271\nc@file:///Users/matthewperrins/Library/Developer/CoreSimulator/Devices/A74E59A4-A04B-428C-8B77-9C9026146385/data/Containers/Bundle/Application/17667A32-CFE2-471F-A564-0EA3AE8D5406/Gameboard.app/www/lib/gameboard-mobile-app.vendor.min.js:86:26101\nfile:///Users/matthewperrins/Library/Developer/CoreSimulator/Devices/A74E59A4-A04B-428C-8B77-9C9026146385/data/Containers/Bundle/Application/17667A32-CFE2-471F-A564-0EA3AE8D5406/Gameboard.app/www/lib/gameboard-mobile-app.vendor.min.js:86:31016"}
2014-11-22 15:22:11.243 Gameboard[4133:41100] DiskCookieStorage changing policy from 2 to 0, cookie file: file:///Users/matthewperrins/Library/Developer/CoreSimulator/Devices/A74E59A4-A04B-428C-8B77-9C9026146385/data/Containers/Data/Application/10D17A8D-8DA0-4045-BB5F-AEF3E61C3B0D/Library/Cookies/Cookies.binarycookies
2014-11-22 15:22:11.867 Gameboard[4133:41100] Apache Cordova native platform version 3.7.0 is starting.
2014-11-22 15:22:11.868 Gameboard[4133:41100] Multi-tasking -> Device: YES, App: YES
2014-11-22 15:22:11.904 Gameboard[4133:41100] Unlimited access to network resources
2014-11-22 15:22:11.930 Gameboard[4133:41100] 

Started backup to iCloud! Please be careful.
Your application might be rejected by Apple if you store too much data.
For more information please read "iOS Data Storage Guidelines" at:
https://developer.apple.com/icloud/documentation/data-storage/
To disable web storage backup to iCloud, set the BackupWebStorage preference to "local" in the Cordova config.xml file

2014-11-22 15:22:13.486 Gameboard[4133:41100] Resetting plugins due to page load.
2014-11-22 15:22:14.681 Gameboard[4133:41100] Finished load of: file:///Users/matthewperrins/Library/Developer/CoreSimulator/Devices/A74E59A4-A04B-428C-8B77-9C9026146385/data/Containers/Bundle/Application/65E0D3DB-3F2F-4FC4-969C-38120A735771/Gameboard.app/www/index.html#/signin
2014-11-22 15:22:21.890 Gameboard[4133:41100] Signon to the application
2014-11-22 15:22:22.642 Gameboard[4133:41100] Setting the WebView's frame to {{0, 0}, {375, 646}}
2014-11-22 15:22:22.690 Gameboard[4133:41100] THREAD WARNING: ['InAppBrowser'] took '798.138672' ms. Plugin should use a background thread.
2014-11-22 15:22:23.327 Gameboard[4133:41100] Error in Success callbackId: InAppBrowser168956771 : TypeError: null is not an object (evaluating 'event.type')
2014-11-22 15:26:29.486 Gameboard[4521:46083] DiskCookieStorage changing policy from 2 to 0, cookie file: file:///Users/matthewperrins/Library/Developer/CoreSimulator/Devices/A74E59A4-A04B-428C-8B77-9C9026146385/data/Containers/Data/Application/DD5E2320-DB28-4091-B35F-074E04D2DBF4/Library/Cookies/Cookies.binarycookies
2014-11-22 15:26:29.649 Gameboard[4521:46083] Apache Cordova native platform version 3.7.0 is starting.
2014-11-22 15:26:29.650 Gameboard[4521:46083] Multi-tasking -> Device: YES, App: YES
2014-11-22 15:26:29.653 Gameboard[4521:46083] Unlimited access to network resources
2014-11-22 15:26:29.656 Gameboard[4521:46083] 

Started backup to iCloud! Please be careful.
Your application might be rejected by Apple if you store too much data.
For more information please read "iOS Data Storage Guidelines" at:
https://developer.apple.com/icloud/documentation/data-storage/
To disable web storage backup to iCloud, set the BackupWebStorage preference to "local" in the Cordova config.xml file

2014-11-22 15:26:30.196 Gameboard[4521:46083] Resetting plugins due to page load.
2014-11-22 15:26:30.766 Gameboard[4521:46083] Finished load of: file:///Users/matthewperrins/Library/Developer/CoreSimulator/Devices/A74E59A4-A04B-428C-8B77-9C9026146385/data/Containers/Bundle/Application/97DEAC3C-7D87-4EC4-81AC-893356ECE5DD/Gameboard.app/www/index.html#/signin
2014-11-22 15:26:33.986 Gameboard[4521:46083] Signon to the application
2014-11-22 15:26:34.446 Gameboard[4521:46083] Setting the WebView's frame to {{0, 0}, {375, 623}}
2014-11-22 15:26:34.446 Gameboard[4521:46083] Setting the WebView's frame to {{0, 0}, {375, 667}}
2014-11-22 15:26:34.469 Gameboard[4521:46083] THREAD WARNING: ['InAppBrowser'] took '482.181152' ms. Plugin should use a background thread.
2014-11-22 15:26:34.642 Gameboard[4521:46083] Error in Success callbackId: InAppBrowser810437261 : TypeError: null is not an object (evaluating 'event.type')
