2014-12-28 13:25:28.205 Gameboard[25909:3437524] Apache Cordova native platform version 3.7.0 is starting.
2014-12-28 13:25:28.206 Gameboard[25909:3437524] Multi-tasking -> Device: YES, App: YES
2014-12-28 13:25:28.219 Gameboard[25909:3437524] Unlimited access to network resources
2014-12-28 13:25:28.224 Gameboard[25909:3437524] 

Started backup to iCloud! Please be careful.
Your application might be rejected by Apple if you store too much data.
For more information please read "iOS Data Storage Guidelines" at:
https://developer.apple.com/icloud/documentation/data-storage/
To disable web storage backup to iCloud, set the BackupWebStorage preference to "local" in the Cordova config.xml file

2014-12-28 13:25:28.687 Gameboard[25909:3437524] [CDVTimer][admob] 2.296031ms
2014-12-28 13:25:28.800 Gameboard[25909:3437524] [CDVTimer][splashscreen] 112.433016ms
2014-12-28 13:25:28.800 Gameboard[25909:3437524] [CDVTimer][TotalPluginStartup] 115.199029ms
2014-12-28 13:25:29.154 Gameboard[25909:3437524] Resetting plugins due to page load.
2014-12-28 13:25:29.555 Gameboard[25909:3437524] Finished load of: file:///Users/matthewperrins/Library/Developer/CoreSimulator/Devices/AD542E3D-6FDD-4609-A783-755EEE87F31B/data/Containers/Bundle/Application/320523A3-18CC-470B-913C-399DFE493016/Gameboard.app/www/index.html
2014-12-28 13:35:08.563 Gameboard[25909:3454905] Terminating since there is no system app.
2014-12-28 13:35:18.770 Gameboard[26916:70b] Apache Cordova native platform version 3.7.0 is starting.
2014-12-28 13:35:18.772 Gameboard[26916:70b] Multi-tasking -> Device: YES, App: YES
2014-12-28 13:35:18.797 Gameboard[26916:70b] Unlimited access to network resources
2014-12-28 13:35:18.800 Gameboard[26916:70b] 

Started backup to iCloud! Please be careful.
Your application might be rejected by Apple if you store too much data.
For more information please read "iOS Data Storage Guidelines" at:
https://developer.apple.com/icloud/documentation/data-storage/
To disable web storage backup to iCloud, set the BackupWebStorage preference to "local" in the Cordova config.xml file

2014-12-28 13:35:19.063 Gameboard[26916:70b] [CDVTimer][admob] 1.805961ms
2014-12-28 13:35:19.108 Gameboard[26916:70b] [CDVTimer][splashscreen] 44.275999ms
2014-12-28 13:35:19.108 Gameboard[26916:70b] [CDVTimer][TotalPluginStartup] 46.872020ms
2014-12-28 13:35:19.691 Gameboard[26916:70b] Resetting plugins due to page load.
2014-12-28 13:35:20.043 Gameboard[26916:70b] Finished load of: file:///Users/matthewperrins/Library/Developer/CoreSimulator/Devices/18D11693-D3D4-4E9D-9C63-BC31ED5E29BD/data/Applications/BF6AD6B6-DA1C-4990-A15A-503F29659099/Gameboard.app/www/index.html#/signin
2014-12-28 13:39:09.422 Gameboard[27433:3463188] Apache Cordova native platform version 3.7.0 is starting.
2014-12-28 13:39:09.423 Gameboard[27433:3463188] Multi-tasking -> Device: YES, App: YES
2014-12-28 13:39:09.430 Gameboard[27433:3463188] Unlimited access to network resources
2014-12-28 13:39:09.435 Gameboard[27433:3463188] 

Started backup to iCloud! Please be careful.
Your application might be rejected by Apple if you store too much data.
For more information please read "iOS Data Storage Guidelines" at:
https://developer.apple.com/icloud/documentation/data-storage/
To disable web storage backup to iCloud, set the BackupWebStorage preference to "local" in the Cordova config.xml file

2014-12-28 13:39:09.698 Gameboard[27433:3463188] [CDVTimer][admob] 1.192033ms
2014-12-28 13:39:09.762 Gameboard[27433:3463188] [CDVTimer][splashscreen] 63.849032ms
2014-12-28 13:39:09.762 Gameboard[27433:3463188] [CDVTimer][TotalPluginStartup] 65.313995ms
2014-12-28 13:39:09.988 Gameboard[27433:3463188] Resetting plugins due to page load.
2014-12-28 13:39:10.409 Gameboard[27433:3463188] Finished load of: file:///Users/matthewperrins/Library/Developer/CoreSimulator/Devices/AD542E3D-6FDD-4609-A783-755EEE87F31B/data/Containers/Bundle/Application/875397FE-85D4-4215-A67D-FC4AC68F10DF/Gameboard.app/www/index.html#/signin
2014-12-28 13:52:13.570 Gameboard[29885:3490482] Apache Cordova native platform version 3.7.0 is starting.
2014-12-28 13:52:13.571 Gameboard[29885:3490482] Multi-tasking -> Device: YES, App: YES
2014-12-28 13:52:13.579 Gameboard[29885:3490482] Unlimited access to network resources
2014-12-28 13:52:13.584 Gameboard[29885:3490482] 

Started backup to iCloud! Please be careful.
Your application might be rejected by Apple if you store too much data.
For more information please read "iOS Data Storage Guidelines" at:
https://developer.apple.com/icloud/documentation/data-storage/
To disable web storage backup to iCloud, set the BackupWebStorage preference to "local" in the Cordova config.xml file

2014-12-28 13:52:13.837 Gameboard[29885:3490482] [CDVTimer][admob] 1.260042ms
2014-12-28 13:52:13.900 Gameboard[29885:3490482] [CDVTimer][splashscreen] 63.136995ms
2014-12-28 13:52:13.900 Gameboard[29885:3490482] [CDVTimer][TotalPluginStartup] 64.734995ms
2014-12-28 13:52:14.124 Gameboard[29885:3490482] Resetting plugins due to page load.
2014-12-28 13:52:14.500 Gameboard[29885:3490482] Finished load of: file:///Users/matthewperrins/Library/Developer/CoreSimulator/Devices/AD542E3D-6FDD-4609-A783-755EEE87F31B/data/Containers/Bundle/Application/BF894646-B9AA-4D3B-ADCF-15D4D0AA95D3/Gameboard.app/www/index.html#/signin
2014-12-28 13:52:14.599 Gameboard[29885:3490482] createBanner
2014-12-28 13:52:14.599 Gameboard[29885:3490482] Position 8
2014-12-28 13:52:14.705 Gameboard[29885:3490482] <Google> To get test ads on this device, call: request.testDevices = @[ GAD_SIMULATOR_ID ];
2014-12-28 13:52:16.749 Gameboard[29885:3490482] AdMob, onBannerReceive, 
2014-12-28 13:52:16.749 Gameboard[29885:3490482] AdMob, onAdLoaded, {'adNetwork':'AdMob','adType':'banner','adEvent':'onAdLoaded'}
2014-12-28 13:52:16.750 Gameboard[29885:3490482] statusbar offset:20.000000, overlap:0, ad position:8, x:0, y:0
2014-12-28 13:52:16.752 Gameboard[29885:3490482] window, resize, 
2014-12-28 13:52:33.650 Gameboard[29885:3490482] Signon to the application
2014-12-28 13:52:33.790 Gameboard[29885:3490482] Setting the WebView's frame to {{0, 0}, {320, 524}}
2014-12-28 13:52:33.790 Gameboard[29885:3490482] Setting the WebView's frame to {{0, 0}, {320, 568}}
2014-12-28 13:52:33.797 Gameboard[29885:3490482] THREAD WARNING: ['InAppBrowser'] took '146.721924' ms. Plugin should use a background thread.
2014-12-28 13:52:35.814 Gameboard[29885:3490482] muuid 116314656208718221198
2014-12-28 13:52:35.814 Gameboard[29885:3490482] CloudCode URL:http://localhost:3002/gameboard-cloud/v1/apps/ad023345-1722-44f6-94bb-bb408d90f527/members/116314656208718221198
2014-12-28 13:52:43.438 Gameboard[29885:3490482] Signon to the application
2014-12-28 13:52:43.839 Gameboard[29885:3490482] muuid 116314656208718221198
2014-12-28 13:52:43.839 Gameboard[29885:3490482] CloudCode URL:http://localhost:3002/gameboard-cloud/v1/apps/ad023345-1722-44f6-94bb-bb408d90f527/members/116314656208718221198
2014-12-28 13:53:02.614 Gameboard[29885:3490482] Signon to the application
2014-12-28 13:53:02.875 Gameboard[29885:3490482] muuid 116314656208718221198
2014-12-28 13:53:02.876 Gameboard[29885:3490482] CloudCode URL:http://localhost:3002/gameboard-cloud/v1/apps/ad023345-1722-44f6-94bb-bb408d90f527/members/116314656208718221198
2014-12-28 13:53:16.916 Gameboard[29885:3490482] AdMob, onBannerReceive, 
2014-12-28 13:53:16.917 Gameboard[29885:3490482] AdMob, onAdLoaded, {'adNetwork':'AdMob','adType':'banner','adEvent':'onAdLoaded'}
2014-12-28 13:53:18.741 Gameboard[29885:3490482] AdMob, onBannerLeaveApp, 
2014-12-28 13:53:18.741 Gameboard[29885:3490482] AdMob, onAdLeaveApp, {'adNetwork':'AdMob','adType':'banner','adEvent':'onAdLeaveApp'}
2014-12-28 13:53:29.606 Gameboard[29885:3491129] Terminating since there is no system app.
2014-12-29 17:04:09.817 Gameboard[47042:3867189] Apache Cordova native platform version 3.7.0 is starting.
2014-12-29 17:04:09.818 Gameboard[47042:3867189] Multi-tasking -> Device: YES, App: YES
2014-12-29 17:04:09.827 Gameboard[47042:3867189] Unlimited access to network resources
2014-12-29 17:04:09.830 Gameboard[47042:3867189] 

Started backup to iCloud! Please be careful.
Your application might be rejected by Apple if you store too much data.
For more information please read "iOS Data Storage Guidelines" at:
https://developer.apple.com/icloud/documentation/data-storage/
To disable web storage backup to iCloud, set the BackupWebStorage preference to "local" in the Cordova config.xml file

2014-12-29 17:04:10.099 Gameboard[47042:3867189] [CDVTimer][admob] 2.847970ms
2014-12-29 17:04:10.207 Gameboard[47042:3867189] [CDVTimer][splashscreen] 108.116031ms
2014-12-29 17:04:10.208 Gameboard[47042:3867189] [CDVTimer][TotalPluginStartup] 111.355007ms
2014-12-29 17:04:10.467 Gameboard[47042:3867189] Resetting plugins due to page load.
2014-12-29 17:04:10.804 Gameboard[47042:3867189] Finished load of: file:///Users/matthewperrins/Library/Developer/CoreSimulator/Devices/AD542E3D-6FDD-4609-A783-755EEE87F31B/data/Containers/Bundle/Application/F357737B-1443-4401-A311-FA2E55FBBA61/Gameboard.app/www/index.html#/signin
2014-12-29 17:04:10.913 Gameboard[47042:3867189] createBanner
2014-12-29 17:04:11.025 Gameboard[47042:3867189] <Google> To get test ads on this device, call: request.testDevices = @[ GAD_SIMULATOR_ID ];
2014-12-29 17:04:12.928 Gameboard[47042:3867189] AdMob, onBannerReceive, 
2014-12-29 17:04:12.929 Gameboard[47042:3867189] AdMob, onAdLoaded, {'adNetwork':'AdMob','adType':'banner','adEvent':'onAdLoaded'}
2014-12-29 17:04:12.929 Gameboard[47042:3867189] statusbar offset:20.000000, overlap:0, ad position:8, x:0, y:0
2014-12-29 17:04:12.931 Gameboard[47042:3867189] window, resize, 
2014-12-29 17:04:17.751 Gameboard[47042:3867189] Signon to the application
2014-12-29 17:04:17.923 Gameboard[47042:3867189] Setting the WebView's frame to {{0, 0}, {320, 524}}
2014-12-29 17:04:17.923 Gameboard[47042:3867189] Setting the WebView's frame to {{0, 0}, {320, 568}}
2014-12-29 17:04:17.930 Gameboard[47042:3867189] THREAD WARNING: ['InAppBrowser'] took '177.219727' ms. Plugin should use a background thread.
2014-12-29 17:04:20.304 Gameboard[47042:3867189] muuid 116314656208718221198
2014-12-29 17:04:20.304 Gameboard[47042:3867189] CloudCode URL:http://localhost:3002/gameboard-cloud/v1/apps/ad023345-1722-44f6-94bb-bb408d90f527/members/116314656208718221198
2014-12-29 17:04:20.548 Gameboard[47042:3867189] CloudCode URL:http://localhost:3002/gameboard-cloud/v1/apps/ad023345-1722-44f6-94bb-bb408d90f527/genres
2014-12-29 17:05:12.998 Gameboard[47042:3867189] AdMob, onBannerReceive, 
2014-12-29 17:05:12.999 Gameboard[47042:3867189] AdMob, onAdLoaded, {'adNetwork':'AdMob','adType':'banner','adEvent':'onAdLoaded'}
2014-12-29 17:06:13.188 Gameboard[47042:3867189] AdMob, onBannerReceive, 
2014-12-29 17:06:13.188 Gameboard[47042:3867189] AdMob, onAdLoaded, {'adNetwork':'AdMob','adType':'banner','adEvent':'onAdLoaded'}
2014-12-29 17:07:13.325 Gameboard[47042:3867189] AdMob, onBannerReceive, 
2014-12-29 17:07:13.325 Gameboard[47042:3867189] AdMob, onAdLoaded, {'adNetwork':'AdMob','adType':'banner','adEvent':'onAdLoaded'}
2014-12-29 17:08:13.671 Gameboard[47042:3867189] AdMob, onBannerReceive, 
2014-12-29 17:08:13.671 Gameboard[47042:3867189] AdMob, onAdLoaded, {'adNetwork':'AdMob','adType':'banner','adEvent':'onAdLoaded'}
2014-12-29 17:09:13.724 Gameboard[47042:3867189] AdMob, onBannerReceive, 
2014-12-29 17:09:13.725 Gameboard[47042:3867189] AdMob, onAdLoaded, {'adNetwork':'AdMob','adType':'banner','adEvent':'onAdLoaded'}
2014-12-29 17:09:23.662 Gameboard[47042:3867189] CloudCode URL:http://localhost:3002/gameboard-cloud/v1/apps/ad023345-1722-44f6-94bb-bb408d90f527/games
2014-12-29 17:09:26.798 Gameboard[47042:3867189] CloudCode URL:http://localhost:3002/gameboard-cloud/v1/apps/ad023345-1722-44f6-94bb-bb408d90f527/categories
2014-12-29 17:09:28.420 Gameboard[47042:3867189] CloudCode URL:http://localhost:3002/gameboard-cloud/v1/apps/ad023345-1722-44f6-94bb-bb408d90f527/videos/board/1001?skip=0&limit=20
2014-12-29 17:09:51.613 Gameboard[47042:3867189] CloudCode URL:http://localhost:3002/gameboard-cloud/v1/apps/ad023345-1722-44f6-94bb-bb408d90f527/videos/board/1001?skip=0&limit=20
2014-12-29 17:09:51.817 Gameboard[47042:3867189] CloudCode URL:http://localhost:3002/gameboard-cloud/v1/apps/ad023345-1722-44f6-94bb-bb408d90f527/videos/board/1001?skip=0&limit=20
2014-12-29 17:09:55.185 Gameboard[47042:3867189] CloudCode URL:http://localhost:3002/gameboard-cloud/v1/apps/ad023345-1722-44f6-94bb-bb408d90f527/videos/board/1001?skip=0&limit=20
2014-12-29 17:10:13.774 Gameboard[47042:3867189] AdMob, onBannerReceive, 
2014-12-29 17:10:13.774 Gameboard[47042:3867189] AdMob, onAdLoaded, {'adNetwork':'AdMob','adType':'banner','adEvent':'onAdLoaded'}
2014-12-29 17:11:14.197 Gameboard[47042:3867189] AdMob, onBannerReceive, 
2014-12-29 17:11:14.197 Gameboard[47042:3867189] AdMob, onAdLoaded, {'adNetwork':'AdMob','adType':'banner','adEvent':'onAdLoaded'}
2014-12-29 17:12:14.090 Gameboard[47042:3867189] AdMob, onBannerReceive, 
2014-12-29 17:12:14.090 Gameboard[47042:3867189] AdMob, onAdLoaded, {'adNetwork':'AdMob','adType':'banner','adEvent':'onAdLoaded'}
2014-12-29 17:13:14.242 Gameboard[47042:3867189] AdMob, onBannerReceive, 
2014-12-29 17:13:14.243 Gameboard[47042:3867189] AdMob, onAdLoaded, {'adNetwork':'AdMob','adType':'banner','adEvent':'onAdLoaded'}
2014-12-29 17:14:14.428 Gameboard[47042:3867189] AdMob, onBannerReceive, 
2014-12-29 17:14:14.428 Gameboard[47042:3867189] AdMob, onAdLoaded, {'adNetwork':'AdMob','adType':'banner','adEvent':'onAdLoaded'}
2014-12-29 17:15:14.657 Gameboard[47042:3867189] AdMob, onBannerReceive, 
2014-12-29 17:15:14.657 Gameboard[47042:3867189] AdMob, onAdLoaded, {'adNetwork':'AdMob','adType':'banner','adEvent':'onAdLoaded'}
2014-12-29 17:16:14.688 Gameboard[47042:3867189] AdMob, onBannerReceive, 
2014-12-29 17:16:14.688 Gameboard[47042:3867189] AdMob, onAdLoaded, {'adNetwork':'AdMob','adType':'banner','adEvent':'onAdLoaded'}
2014-12-29 17:17:14.837 Gameboard[47042:3867189] AdMob, onBannerReceive, 
2014-12-29 17:17:14.837 Gameboard[47042:3867189] AdMob, onAdLoaded, {'adNetwork':'AdMob','adType':'banner','adEvent':'onAdLoaded'}
2014-12-29 17:18:15.034 Gameboard[47042:3867189] AdMob, onBannerReceive, 
2014-12-29 17:18:15.034 Gameboard[47042:3867189] AdMob, onAdLoaded, {'adNetwork':'AdMob','adType':'banner','adEvent':'onAdLoaded'}
2014-12-29 17:19:15.291 Gameboard[47042:3867189] AdMob, onBannerReceive, 
2014-12-29 17:19:15.294 Gameboard[47042:3867189] AdMob, onAdLoaded, {'adNetwork':'AdMob','adType':'banner','adEvent':'onAdLoaded'}
2014-12-29 17:20:15.376 Gameboard[47042:3867189] AdMob, onBannerReceive, 
2014-12-29 17:20:15.376 Gameboard[47042:3867189] AdMob, onAdLoaded, {'adNetwork':'AdMob','adType':'banner','adEvent':'onAdLoaded'}
2014-12-29 17:21:15.533 Gameboard[47042:3867189] AdMob, onBannerReceive, 
2014-12-29 17:21:15.533 Gameboard[47042:3867189] AdMob, onAdLoaded, {'adNetwork':'AdMob','adType':'banner','adEvent':'onAdLoaded'}
2014-12-29 17:22:15.678 Gameboard[47042:3867189] AdMob, onBannerReceive, 
2014-12-29 17:22:15.678 Gameboard[47042:3867189] AdMob, onAdLoaded, {'adNetwork':'AdMob','adType':'banner','adEvent':'onAdLoaded'}
2014-12-29 17:23:15.913 Gameboard[47042:3867189] AdMob, onBannerReceive, 
2014-12-29 17:23:15.914 Gameboard[47042:3867189] AdMob, onAdLoaded, {'adNetwork':'AdMob','adType':'banner','adEvent':'onAdLoaded'}
2014-12-29 17:24:16.040 Gameboard[47042:3867189] AdMob, onBannerReceive, 
2014-12-29 17:24:16.041 Gameboard[47042:3867189] AdMob, onAdLoaded, {'adNetwork':'AdMob','adType':'banner','adEvent':'onAdLoaded'}
2014-12-29 17:25:16.166 Gameboard[47042:3867189] AdMob, onBannerReceive, 
2014-12-29 17:25:16.166 Gameboard[47042:3867189] AdMob, onAdLoaded, {'adNetwork':'AdMob','adType':'banner','adEvent':'onAdLoaded'}
2014-12-29 17:26:16.355 Gameboard[47042:3867189] AdMob, onBannerReceive, 
2014-12-29 17:26:16.355 Gameboard[47042:3867189] AdMob, onAdLoaded, {'adNetwork':'AdMob','adType':'banner','adEvent':'onAdLoaded'}
2014-12-29 17:27:03.032 Gameboard[47042:3977330] Terminating since there is no system app.
2014-12-31 09:45:00.499 Gameboard[98255:5751520] Apache Cordova native platform version 3.7.0 is starting.
2014-12-31 09:45:00.500 Gameboard[98255:5751520] Multi-tasking -> Device: YES, App: YES
2014-12-31 09:45:00.508 Gameboard[98255:5751520] Unlimited access to network resources
2014-12-31 09:45:00.512 Gameboard[98255:5751520] 

Started backup to iCloud! Please be careful.
Your application might be rejected by Apple if you store too much data.
For more information please read "iOS Data Storage Guidelines" at:
https://developer.apple.com/icloud/documentation/data-storage/
To disable web storage backup to iCloud, set the BackupWebStorage preference to "local" in the Cordova config.xml file

2014-12-31 09:45:00.787 Gameboard[98255:5751520] [CDVTimer][admob] 2.555013ms
2014-12-31 09:45:00.870 Gameboard[98255:5751520] [CDVTimer][splashscreen] 82.661033ms
2014-12-31 09:45:00.870 Gameboard[98255:5751520] [CDVTimer][TotalPluginStartup] 85.648000ms
2014-12-31 09:45:01.157 Gameboard[98255:5751520] Resetting plugins due to page load.
2014-12-31 09:45:01.598 Gameboard[98255:5751520] Finished load of: file:///Users/matthewperrins/Library/Developer/CoreSimulator/Devices/AD542E3D-6FDD-4609-A783-755EEE87F31B/data/Containers/Bundle/Application/CD969955-826D-43D3-B441-4E95C7314BE1/Gameboard.app/www/index.html#/signin
2014-12-31 09:45:01.917 Gameboard[98255:5751520] createBanner
2014-12-31 09:45:02.044 Gameboard[98255:5751520] <Google> To get test ads on this device, call: request.testDevices = @[ GAD_SIMULATOR_ID ];
2014-12-31 09:45:04.842 Gameboard[98255:5751520] AdMob, onBannerReceive, 
2014-12-31 09:45:04.842 Gameboard[98255:5751520] AdMob, onAdLoaded, {'adNetwork':'AdMob','adType':'banner','adEvent':'onAdLoaded'}
2014-12-31 09:45:04.843 Gameboard[98255:5751520] statusbar offset:20.000000, overlap:0, ad position:8, x:0, y:0
2014-12-31 09:45:04.845 Gameboard[98255:5751520] window, resize, 
2014-12-31 09:45:10.751 Gameboard[98255:5751520] Signon to the application
2014-12-31 09:45:10.903 Gameboard[98255:5751520] Setting the WebView's frame to {{0, 0}, {320, 524}}
2014-12-31 09:45:10.903 Gameboard[98255:5751520] Setting the WebView's frame to {{0, 0}, {320, 568}}
2014-12-31 09:45:10.910 Gameboard[98255:5751520] THREAD WARNING: ['InAppBrowser'] took '158.171875' ms. Plugin should use a background thread.
2014-12-31 09:45:13.214 Gameboard[98255:5751520] muuid 116314656208718221198
2014-12-31 09:45:13.214 Gameboard[98255:5751520] CloudCode URL:https://gameboard-cloud.mybluemix.net/gameboard-cloud/v1/apps/c38c1e01-6e8d-407a-a66b-fb0c7370d8d4/members/116314656208718221198
2014-12-31 09:45:14.954 Gameboard[98255:5751520] CloudCode URL:https://gameboard-cloud.mybluemix.net/gameboard-cloud/v1/apps/c38c1e01-6e8d-407a-a66b-fb0c7370d8d4/genres
2014-12-31 09:45:15.133 Gameboard[98255:5751520] ERROR: [ERROR] [DEFAULT] {
  "message": "Error setting security token.",
  "error": {
    "message": "Unexpected response from server. Missing user UUID or device UUID",
    "userInfo": "null",
    "deviceInfo": "null"
  }
}
2014-12-31 09:45:15.133 Gameboard[98255:5751520] ERROR: [ERROR] [DEFAULT] setSecurityToken - onFailure {
  "message": "Error setting security token.",
  "error": {
    "message": "Unexpected response from server. Missing user UUID or device UUID",
    "userInfo": "null",
    "deviceInfo": "null"
  }
}
2014-12-31 09:45:19.143 Gameboard[98255:5751520] muuid 116314656208718221198
2014-12-31 09:45:19.143 Gameboard[98255:5751520] CloudCode URL:https://gameboard-cloud.mybluemix.net/gameboard-cloud/v1/apps/c38c1e01-6e8d-407a-a66b-fb0c7370d8d4/members/116314656208718221198
2014-12-31 09:45:28.279 Gameboard[98255:5751520] CloudCode URL:https://gameboard-cloud.mybluemix.net/gameboard-cloud/v1/apps/c38c1e01-6e8d-407a-a66b-fb0c7370d8d4/games
2014-12-31 09:45:29.895 Gameboard[98255:5751520] CloudCode URL:https://gameboard-cloud.mybluemix.net/gameboard-cloud/v1/apps/c38c1e01-6e8d-407a-a66b-fb0c7370d8d4/categories
2014-12-31 09:45:31.144 Gameboard[98255:5751520] CloudCode URL:https://gameboard-cloud.mybluemix.net/gameboard-cloud/v1/apps/c38c1e01-6e8d-407a-a66b-fb0c7370d8d4/videos/board/1001?skip=0&limit=20
2014-12-31 09:45:31.479 Gameboard[98255:5751520] {"name":"HttpRequestError","message":"Server responded with an error status: 404","info":{"statusCode":404,"responseText":"{\"status\":404,\"error\":\"No videos found in the board\"}","exception":"Not Found","requestHeaders":{"IBM-APPLICATION-ID":"c38c1e01-6e8d-407a-a66b-fb0c7370d8d4","IBM-APPLICATION-SECRET":"9d728a17986dcd23247282f40343350c63ae5ced","IBM-SECURITY-TOKEN":"ya29.7QClQ9F1CYIXAM7hZZUkPsUX6nntWnztRRi5pIJ-DD9oEslPaA2GO0RK","IBM-SECURITY-PROVIDER":"GOOGLE","IBM-DEVICE-TYPE":"WEB","IBM-DEVICE-ID":"72657667-2789-4bc2-9fbf-9f07a9aface5","IBM-DEVICE-MODEL":"Mozilla/5.0 (iPhone; CPU iPhone OS 10_10_1 like Mac OS X) AppleWebKit/600.1.4 (KHTML, like Gecko) Mobile/12D436 (2097461072)","IBM-DEVICE-PLATFORM-VERSION":"OS: iPhone Simulator","IBM-DEVICE-NAME":"Vendor: Apple Computer, Inc., Browser: 5.0 (iPhone; CPU iPhone OS 10_10_1 like Mac OS X) AppleWebKit/600.1.4 (KHTML, like Gecko) Mobile/12D436 (2097461072)","IBM-REQUEST-CORRELATION-ID":1420019112690},"requestOptions":{"url":"https://gameboard-cloud.mybluemix.net/gameboard-cloud/v1/apps/c38c1e01-6e8d-407a-a66b-fb0c7370d8d4/videos/board/1001?skip=0&limit=20","headers":{"IBM-APPLICATION-ID":"c38c1e01-6e8d-407a-a66b-fb0c7370d8d4","IBM-APPLICATION-SECRET":"9d728a17986dcd23247282f40343350c63ae5ced","IBM-SECURITY-TOKEN":"ya29.7QClQ9F1CYIXAM7hZZUkPsUX6nntWnztRRi5pIJ-DD9oEslPaA2GO0RK","IBM-SECURITY-PROVIDER":"GOOGLE","IBM-DEVICE-TYPE":"WEB","IBM-DEVICE-ID":"72657667-2789-4bc2-9fbf-9f07a9aface5","IBM-DEVICE-MODEL":"Mozilla/5.0 (iPhone; CPU iPhone OS 10_10_1 like Mac OS X) AppleWebKit/600.1.4 (KHTML, like Gecko) Mobile/12D436 (2097461072)","IBM-DEVICE-PLATFORM-VERSION":"OS: iPhone Simulator","IBM-DEVICE-NAME":"Vendor: Apple Computer, Inc., Browser: 5.0 (iPhone; CPU iPhone OS 10_10_1 like Mac OS X) AppleWebKit/600.1.4 (KHTML, like Gecko) Mobile/12D436 (2097461072)","IBM-REQUEST-CORRELATION-ID":1420019112690},"timeout":10000,"type":"GET","dataType":"json","contentType":false}},"stack":"f@file:///Users/matthewperrins/Library/Developer/CoreSimulator/Devices/AD542E3D-6FDD-4609-A783-755EEE87F31B/data/Containers/Bundle/Application/CD969955-826D-43D3-B441-4E95C7314BE1/Gameboard.app/www/lib/gameboard-mobile-app.vendor.min.js:79:9677\nk@file:///Users/matthewperrins/Library/Developer/CoreSimulator/Devices/AD542E3D-6FDD-4609-A783-755EEE87F31B/data/Containers/Bundle/Application/CD969955-826D-43D3-B441-4E95C7314BE1/Gameboard.app/www/lib/gameboard-mobile-app.vendor.min.js:79:22042\nl@file:///Users/matthewperrins/Library/Developer/CoreSimulator/Devices/AD542E3D-6FDD-4609-A783-755EEE87F31B/data/Containers/Bundle/Application/CD969955-826D-43D3-B441-4E95C7314BE1/Gameboard.app/www/lib/gameboard-mobile-app.vendor.min.js:79:22172\nfile:///Users/matthewperrins/Library/Developer/CoreSimulator/Devices/AD542E3D-6FDD-4609-A783-755EEE87F31B/data/Containers/Bundle/Application/CD969955-826D-43D3-B441-4E95C7314BE1/Gameboard.app/www/lib/gameboard-mobile-app.vendor.min.js:80:32378\nk@file:///Users/matthewperrins/Library/Developer/CoreSimulator/Devices/AD542E3D-6FDD-4609-A783-755EEE87F31B/data/Containers/Bundle/Application/CD969955-826D-43D3-B441-4E95C7314BE1/Gameboard.app/www/lib/gameboard-mobile-app.vendor.min.js:79:44451\nfireWith@file:///Users/matthewperrins/Library/Developer/CoreSimulator/Devices/AD542E3D-6FDD-4609-A783-755EEE87F31B/data/Containers/Bundle/Application/CD969955-826D-43D3-B441-4E95C7314BE1/Gameboard.app/www/lib/gameboard-mobile-app.vendor.min.js:79:74052\nc@file:///Users/matthewperrins/Library/Developer/CoreSimulator/Devices/AD542E3D-6FDD-4609-A783-755EEE87F31B/data/Containers/Bundle/Application/CD969955-826D-43D3-B441-4E95C7314BE1/Gameboard.app/www/lib/gameboard-mobile-app.vendor.min.js:80:26033\nfile:///Users/matthewperrins/Library/Developer/CoreSimulator/Devices/AD542E3D-6FDD-4609-A783-755EEE87F31B/data/Containers/Bundle/Application/CD969955-826D-43D3-B441-4E95C7314BE1/Gameboard.app/www/lib/gameboard-mobile-app.vendor.min.js:80:30973"}
2014-12-31 09:45:31.491 Gameboard[98255:5751520] {"name":"HttpRequestError","message":"Server responded with an error status: 404","info":{"statusCode":404,"responseText":"{\"status\":404,\"error\":\"No videos found in the board\"}","exception":"Not Found","requestHeaders":{"IBM-APPLICATION-ID":"c38c1e01-6e8d-407a-a66b-fb0c7370d8d4","IBM-APPLICATION-SECRET":"9d728a17986dcd23247282f40343350c63ae5ced","IBM-SECURITY-TOKEN":"ya29.7QClQ9F1CYIXAM7hZZUkPsUX6nntWnztRRi5pIJ-DD9oEslPaA2GO0RK","IBM-SECURITY-PROVIDER":"GOOGLE","IBM-DEVICE-TYPE":"WEB","IBM-DEVICE-ID":"72657667-2789-4bc2-9fbf-9f07a9aface5","IBM-DEVICE-MODEL":"Mozilla/5.0 (iPhone; CPU iPhone OS 10_10_1 like Mac OS X) AppleWebKit/600.1.4 (KHTML, like Gecko) Mobile/12D436 (2097461072)","IBM-DEVICE-PLATFORM-VERSION":"OS: iPhone Simulator","IBM-DEVICE-NAME":"Vendor: Apple Computer, Inc., Browser: 5.0 (iPhone; CPU iPhone OS 10_10_1 like Mac OS X) AppleWebKit/600.1.4 (KHTML, like Gecko) Mobile/12D436 (2097461072)","IBM-REQUEST-CORRELATION-ID":1420019112690},"requestOptions":{"url":"https://gameboard-cloud.mybluemix.net/gameboard-cloud/v1/apps/c38c1e01-6e8d-407a-a66b-fb0c7370d8d4/videos/board/1001?skip=0&limit=20","headers":{"IBM-APPLICATION-ID":"c38c1e01-6e8d-407a-a66b-fb0c7370d8d4","IBM-APPLICATION-SECRET":"9d728a17986dcd23247282f40343350c63ae5ced","IBM-SECURITY-TOKEN":"ya29.7QClQ9F1CYIXAM7hZZUkPsUX6nntWnztRRi5pIJ-DD9oEslPaA2GO0RK","IBM-SECURITY-PROVIDER":"GOOGLE","IBM-DEVICE-TYPE":"WEB","IBM-DEVICE-ID":"72657667-2789-4bc2-9fbf-9f07a9aface5","IBM-DEVICE-MODEL":"Mozilla/5.0 (iPhone; CPU iPhone OS 10_10_1 like Mac OS X) AppleWebKit/600.1.4 (KHTML, like Gecko) Mobile/12D436 (2097461072)","IBM-DEVICE-PLATFORM-VERSION":"OS: iPhone Simulator","IBM-DEVICE-NAME":"Vendor: Apple Computer, Inc., Browser: 5.0 (iPhone; CPU iPhone OS 10_10_1 like Mac OS X) AppleWebKit/600.1.4 (KHTML, like Gecko) Mobile/12D436 (2097461072)","IBM-REQUEST-CORRELATION-ID":1420019112690},"timeout":10000,"type":"GET","dataType":"json","contentType":false}},"stack":"f@file:///Users/matthewperrins/Library/Developer/CoreSimulator/Devices/AD542E3D-6FDD-4609-A783-755EEE87F31B/data/Containers/Bundle/Application/CD969955-826D-43D3-B441-4E95C7314BE1/Gameboard.app/www/lib/gameboard-mobile-app.vendor.min.js:79:9677\nk@file:///Users/matthewperrins/Library/Developer/CoreSimulator/Devices/AD542E3D-6FDD-4609-A783-755EEE87F31B/data/Containers/Bundle/Application/CD969955-826D-43D3-B441-4E95C7314BE1/Gameboard.app/www/lib/gameboard-mobile-app.vendor.min.js:79:22042\nl@file:///Users/matthewperrins/Library/Developer/CoreSimulator/Devices/AD542E3D-6FDD-4609-A783-755EEE87F31B/data/Containers/Bundle/Application/CD969955-826D-43D3-B441-4E95C7314BE1/Gameboard.app/www/lib/gameboard-mobile-app.vendor.min.js:79:22172\nfile:///Users/matthewperrins/Library/Developer/CoreSimulator/Devices/AD542E3D-6FDD-4609-A783-755EEE87F31B/data/Containers/Bundle/Application/CD969955-826D-43D3-B441-4E95C7314BE1/Gameboard.app/www/lib/gameboard-mobile-app.vendor.min.js:80:32378\nk@file:///Users/matthewperrins/Library/Developer/CoreSimulator/Devices/AD542E3D-6FDD-4609-A783-755EEE87F31B/data/Containers/Bundle/Application/CD969955-826D-43D3-B441-4E95C7314BE1/Gameboard.app/www/lib/gameboard-mobile-app.vendor.min.js:79:44451\nfireWith@file:///Users/matthewperrins/Library/Developer/CoreSimulator/Devices/AD542E3D-6FDD-4609-A783-755EEE87F31B/data/Containers/Bundle/Application/CD969955-826D-43D3-B441-4E95C7314BE1/Gameboard.app/www/lib/gameboard-mobile-app.vendor.min.js:79:74052\nc@file:///Users/matthewperrins/Library/Developer/CoreSimulator/Devices/AD542E3D-6FDD-4609-A783-755EEE87F31B/data/Containers/Bundle/Application/CD969955-826D-43D3-B441-4E95C7314BE1/Gameboard.app/www/lib/gameboard-mobile-app.vendor.min.js:80:26033\nfile:///Users/matthewperrins/Library/Developer/CoreSimulator/Devices/AD542E3D-6FDD-4609-A783-755EEE87F31B/data/Containers/Bundle/Application/CD969955-826D-43D3-B441-4E95C7314BE1/Gameboard.app/www/lib/gameboard-mobile-app.vendor.min.js:80:30973"}
2014-12-31 09:45:39.750 Gameboard[98255:5751520] CloudCode URL:https://gameboard-cloud.mybluemix.net/gameboard-cloud/v1/apps/c38c1e01-6e8d-407a-a66b-fb0c7370d8d4/videos/board/1001?skip=0&limit=20
2014-12-31 09:45:40.157 Gameboard[98255:5751520] {"name":"HttpRequestError","message":"Server responded with an error status: 404","info":{"statusCode":404,"responseText":"{\"status\":404,\"error\":\"No videos found in the board\"}","exception":"Not Found","requestHeaders":{"IBM-APPLICATION-ID":"c38c1e01-6e8d-407a-a66b-fb0c7370d8d4","IBM-APPLICATION-SECRET":"9d728a17986dcd23247282f40343350c63ae5ced","IBM-SECURITY-TOKEN":"ya29.7QClQ9F1CYIXAM7hZZUkPsUX6nntWnztRRi5pIJ-DD9oEslPaA2GO0RK","IBM-SECURITY-PROVIDER":"GOOGLE","IBM-DEVICE-TYPE":"WEB","IBM-DEVICE-ID":"72657667-2789-4bc2-9fbf-9f07a9aface5","IBM-DEVICE-MODEL":"Mozilla/5.0 (iPhone; CPU iPhone OS 10_10_1 like Mac OS X) AppleWebKit/600.1.4 (KHTML, like Gecko) Mobile/12D436 (2097461072)","IBM-DEVICE-PLATFORM-VERSION":"OS: iPhone Simulator","IBM-DEVICE-NAME":"Vendor: Apple Computer, Inc., Browser: 5.0 (iPhone; CPU iPhone OS 10_10_1 like Mac OS X) AppleWebKit/600.1.4 (KHTML, like Gecko) Mobile/12D436 (2097461072)","IBM-REQUEST-CORRELATION-ID":1420019112690},"requestOptions":{"url":"https://gameboard-cloud.mybluemix.net/gameboard-cloud/v1/apps/c38c1e01-6e8d-407a-a66b-fb0c7370d8d4/videos/board/1001?skip=0&limit=20","headers":{"IBM-APPLICATION-ID":"c38c1e01-6e8d-407a-a66b-fb0c7370d8d4","IBM-APPLICATION-SECRET":"9d728a17986dcd23247282f40343350c63ae5ced","IBM-SECURITY-TOKEN":"ya29.7QClQ9F1CYIXAM7hZZUkPsUX6nntWnztRRi5pIJ-DD9oEslPaA2GO0RK","IBM-SECURITY-PROVIDER":"GOOGLE","IBM-DEVICE-TYPE":"WEB","IBM-DEVICE-ID":"72657667-2789-4bc2-9fbf-9f07a9aface5","IBM-DEVICE-MODEL":"Mozilla/5.0 (iPhone; CPU iPhone OS 10_10_1 like Mac OS X) AppleWebKit/600.1.4 (KHTML, like Gecko) Mobile/12D436 (2097461072)","IBM-DEVICE-PLATFORM-VERSION":"OS: iPhone Simulator","IBM-DEVICE-NAME":"Vendor: Apple Computer, Inc., Browser: 5.0 (iPhone; CPU iPhone OS 10_10_1 like Mac OS X) AppleWebKit/600.1.4 (KHTML, like Gecko) Mobile/12D436 (2097461072)","IBM-REQUEST-CORRELATION-ID":1420019112690},"timeout":10000,"type":"GET","dataType":"json","contentType":false}},"stack":"f@file:///Users/matthewperrins/Library/Developer/CoreSimulator/Devices/AD542E3D-6FDD-4609-A783-755EEE87F31B/data/Containers/Bundle/Application/CD969955-826D-43D3-B441-4E95C7314BE1/Gameboard.app/www/lib/gameboard-mobile-app.vendor.min.js:79:9677\nk@file:///Users/matthewperrins/Library/Developer/CoreSimulator/Devices/AD542E3D-6FDD-4609-A783-755EEE87F31B/data/Containers/Bundle/Application/CD969955-826D-43D3-B441-4E95C7314BE1/Gameboard.app/www/lib/gameboard-mobile-app.vendor.min.js:79:22042\nl@file:///Users/matthewperrins/Library/Developer/CoreSimulator/Devices/AD542E3D-6FDD-4609-A783-755EEE87F31B/data/Containers/Bundle/Application/CD969955-826D-43D3-B441-4E95C7314BE1/Gameboard.app/www/lib/gameboard-mobile-app.vendor.min.js:79:22172\nfile:///Users/matthewperrins/Library/Developer/CoreSimulator/Devices/AD542E3D-6FDD-4609-A783-755EEE87F31B/data/Containers/Bundle/Application/CD969955-826D-43D3-B441-4E95C7314BE1/Gameboard.app/www/lib/gameboard-mobile-app.vendor.min.js:80:32378\nk@file:///Users/matthewperrins/Library/Developer/CoreSimulator/Devices/AD542E3D-6FDD-4609-A783-755EEE87F31B/data/Containers/Bundle/Application/CD969955-826D-43D3-B441-4E95C7314BE1/Gameboard.app/www/lib/gameboard-mobile-app.vendor.min.js:79:44451\nfireWith@file:///Users/matthewperrins/Library/Developer/CoreSimulator/Devices/AD542E3D-6FDD-4609-A783-755EEE87F31B/data/Containers/Bundle/Application/CD969955-826D-43D3-B441-4E95C7314BE1/Gameboard.app/www/lib/gameboard-mobile-app.vendor.min.js:79:74052\nc@file:///Users/matthewperrins/Library/Developer/CoreSimulator/Devices/AD542E3D-6FDD-4609-A783-755EEE87F31B/data/Containers/Bundle/Application/CD969955-826D-43D3-B441-4E95C7314BE1/Gameboard.app/www/lib/gameboard-mobile-app.vendor.min.js:80:26033\nfile:///Users/matthewperrins/Library/Developer/CoreSimulator/Devices/AD542E3D-6FDD-4609-A783-755EEE87F31B/data/Containers/Bundle/Application/CD969955-826D-43D3-B441-4E95C7314BE1/Gameboard.app/www/lib/gameboard-mobile-app.vendor.min.js:80:30973"}
2014-12-31 09:45:40.174 Gameboard[98255:5751520] {"name":"HttpRequestError","message":"Server responded with an error status: 404","info":{"statusCode":404,"responseText":"{\"status\":404,\"error\":\"No videos found in the board\"}","exception":"Not Found","requestHeaders":{"IBM-APPLICATION-ID":"c38c1e01-6e8d-407a-a66b-fb0c7370d8d4","IBM-APPLICATION-SECRET":"9d728a17986dcd23247282f40343350c63ae5ced","IBM-SECURITY-TOKEN":"ya29.7QClQ9F1CYIXAM7hZZUkPsUX6nntWnztRRi5pIJ-DD9oEslPaA2GO0RK","IBM-SECURITY-PROVIDER":"GOOGLE","IBM-DEVICE-TYPE":"WEB","IBM-DEVICE-ID":"72657667-2789-4bc2-9fbf-9f07a9aface5","IBM-DEVICE-MODEL":"Mozilla/5.0 (iPhone; CPU iPhone OS 10_10_1 like Mac OS X) AppleWebKit/600.1.4 (KHTML, like Gecko) Mobile/12D436 (2097461072)","IBM-DEVICE-PLATFORM-VERSION":"OS: iPhone Simulator","IBM-DEVICE-NAME":"Vendor: Apple Computer, Inc., Browser: 5.0 (iPhone; CPU iPhone OS 10_10_1 like Mac OS X) AppleWebKit/600.1.4 (KHTML, like Gecko) Mobile/12D436 (2097461072)","IBM-REQUEST-CORRELATION-ID":1420019112690},"requestOptions":{"url":"https://gameboard-cloud.mybluemix.net/gameboard-cloud/v1/apps/c38c1e01-6e8d-407a-a66b-fb0c7370d8d4/videos/board/1001?skip=0&limit=20","headers":{"IBM-APPLICATION-ID":"c38c1e01-6e8d-407a-a66b-fb0c7370d8d4","IBM-APPLICATION-SECRET":"9d728a17986dcd23247282f40343350c63ae5ced","IBM-SECURITY-TOKEN":"ya29.7QClQ9F1CYIXAM7hZZUkPsUX6nntWnztRRi5pIJ-DD9oEslPaA2GO0RK","IBM-SECURITY-PROVIDER":"GOOGLE","IBM-DEVICE-TYPE":"WEB","IBM-DEVICE-ID":"72657667-2789-4bc2-9fbf-9f07a9aface5","IBM-DEVICE-MODEL":"Mozilla/5.0 (iPhone; CPU iPhone OS 10_10_1 like Mac OS X) AppleWebKit/600.1.4 (KHTML, like Gecko) Mobile/12D436 (2097461072)","IBM-DEVICE-PLATFORM-VERSION":"OS: iPhone Simulator","IBM-DEVICE-NAME":"Vendor: Apple Computer, Inc., Browser: 5.0 (iPhone; CPU iPhone OS 10_10_1 like Mac OS X) AppleWebKit/600.1.4 (KHTML, like Gecko) Mobile/12D436 (2097461072)","IBM-REQUEST-CORRELATION-ID":1420019112690},"timeout":10000,"type":"GET","dataType":"json","contentType":false}},"stack":"f@file:///Users/matthewperrins/Library/Developer/CoreSimulator/Devices/AD542E3D-6FDD-4609-A783-755EEE87F31B/data/Containers/Bundle/Application/CD969955-826D-43D3-B441-4E95C7314BE1/Gameboard.app/www/lib/gameboard-mobile-app.vendor.min.js:79:9677\nk@file:///Users/matthewperrins/Library/Developer/CoreSimulator/Devices/AD542E3D-6FDD-4609-A783-755EEE87F31B/data/Containers/Bundle/Application/CD969955-826D-43D3-B441-4E95C7314BE1/Gameboard.app/www/lib/gameboard-mobile-app.vendor.min.js:79:22042\nl@file:///Users/matthewperrins/Library/Developer/CoreSimulator/Devices/AD542E3D-6FDD-4609-A783-755EEE87F31B/data/Containers/Bundle/Application/CD969955-826D-43D3-B441-4E95C7314BE1/Gameboard.app/www/lib/gameboard-mobile-app.vendor.min.js:79:22172\nfile:///Users/matthewperrins/Library/Developer/CoreSimulator/Devices/AD542E3D-6FDD-4609-A783-755EEE87F31B/data/Containers/Bundle/Application/CD969955-826D-43D3-B441-4E95C7314BE1/Gameboard.app/www/lib/gameboard-mobile-app.vendor.min.js:80:32378\nk@file:///Users/matthewperrins/Library/Developer/CoreSimulator/Devices/AD542E3D-6FDD-4609-A783-755EEE87F31B/data/Containers/Bundle/Application/CD969955-826D-43D3-B441-4E95C7314BE1/Gameboard.app/www/lib/gameboard-mobile-app.vendor.min.js:79:44451\nfireWith@file:///Users/matthewperrins/Library/Developer/CoreSimulator/Devices/AD542E3D-6FDD-4609-A783-755EEE87F31B/data/Containers/Bundle/Application/CD969955-826D-43D3-B441-4E95C7314BE1/Gameboard.app/www/lib/gameboard-mobile-app.vendor.min.js:79:74052\nc@file:///Users/matthewperrins/Library/Developer/CoreSimulator/Devices/AD542E3D-6FDD-4609-A783-755EEE87F31B/data/Containers/Bundle/Application/CD969955-826D-43D3-B441-4E95C7314BE1/Gameboard.app/www/lib/gameboard-mobile-app.vendor.min.js:80:26033\nfile:///Users/matthewperrins/Library/Developer/CoreSimulator/Devices/AD542E3D-6FDD-4609-A783-755EEE87F31B/data/Containers/Bundle/Application/CD969955-826D-43D3-B441-4E95C7314BE1/Gameboard.app/www/lib/gameboard-mobile-app.vendor.min.js:80:30973"}
2014-12-31 09:45:45.899 Gameboard[98255:5751520] CloudCode URL:https://gameboard-cloud.mybluemix.net/gameboard-cloud/v1/apps/c38c1e01-6e8d-407a-a66b-fb0c7370d8d4/search?query=&skip=0&limit=10
2014-12-31 09:45:46.276 Gameboard[98255:5751520] CloudCode URL:https://gameboard-cloud.mybluemix.net/gameboard-cloud/v1/apps/c38c1e01-6e8d-407a-a66b-fb0c7370d8d4/search?query=&skip=0&limit=10
2014-12-31 09:45:46.513 Gameboard[98255:5751520] CloudCode URL:https://gameboard-cloud.mybluemix.net/gameboard-cloud/v1/apps/c38c1e01-6e8d-407a-a66b-fb0c7370d8d4/search?query=&skip=0&limit=10
2014-12-31 09:45:46.745 Gameboard[98255:5751520] CloudCode URL:https://gameboard-cloud.mybluemix.net/gameboard-cloud/v1/apps/c38c1e01-6e8d-407a-a66b-fb0c7370d8d4/search?query=&skip=0&limit=10
2014-12-31 09:45:46.989 Gameboard[98255:5751520] CloudCode URL:https://gameboard-cloud.mybluemix.net/gameboard-cloud/v1/apps/c38c1e01-6e8d-407a-a66b-fb0c7370d8d4/search?query=&skip=0&limit=10
2014-12-31 09:45:47.223 Gameboard[98255:5751520] CloudCode URL:https://gameboard-cloud.mybluemix.net/gameboard-cloud/v1/apps/c38c1e01-6e8d-407a-a66b-fb0c7370d8d4/search?query=&skip=0&limit=10
2014-12-31 09:45:47.438 Gameboard[98255:5751520] CloudCode URL:https://gameboard-cloud.mybluemix.net/gameboard-cloud/v1/apps/c38c1e01-6e8d-407a-a66b-fb0c7370d8d4/search?query=&skip=0&limit=10
2014-12-31 09:45:47.674 Gameboard[98255:5751520] CloudCode URL:https://gameboard-cloud.mybluemix.net/gameboard-cloud/v1/apps/c38c1e01-6e8d-407a-a66b-fb0c7370d8d4/search?query=&skip=0&limit=10
2014-12-31 09:45:47.906 Gameboard[98255:5751520] CloudCode URL:https://gameboard-cloud.mybluemix.net/gameboard-cloud/v1/apps/c38c1e01-6e8d-407a-a66b-fb0c7370d8d4/search?query=&skip=0&limit=10
2014-12-31 09:45:48.124 Gameboard[98255:5751520] CloudCode URL:https://gameboard-cloud.mybluemix.net/gameboard-cloud/v1/apps/c38c1e01-6e8d-407a-a66b-fb0c7370d8d4/search?query=&skip=0&limit=10
2014-12-31 09:45:48.425 Gameboard[98255:5751520] CloudCode URL:https://gameboard-cloud.mybluemix.net/gameboard-cloud/v1/apps/c38c1e01-6e8d-407a-a66b-fb0c7370d8d4/search?query=&skip=0&limit=10
2014-12-31 09:45:48.628 Gameboard[98255:5751520] CloudCode URL:https://gameboard-cloud.mybluemix.net/gameboard-cloud/v1/apps/c38c1e01-6e8d-407a-a66b-fb0c7370d8d4/search?query=&skip=0&limit=10
2014-12-31 09:45:48.874 Gameboard[98255:5751520] CloudCode URL:https://gameboard-cloud.mybluemix.net/gameboard-cloud/v1/apps/c38c1e01-6e8d-407a-a66b-fb0c7370d8d4/search?query=&skip=0&limit=10
2014-12-31 09:45:49.106 Gameboard[98255:5751520] CloudCode URL:https://gameboard-cloud.mybluemix.net/gameboard-cloud/v1/apps/c38c1e01-6e8d-407a-a66b-fb0c7370d8d4/search?query=&skip=0&limit=10
2014-12-31 09:45:49.323 Gameboard[98255:5751520] CloudCode URL:https://gameboard-cloud.mybluemix.net/gameboard-cloud/v1/apps/c38c1e01-6e8d-407a-a66b-fb0c7370d8d4/search?query=&skip=0&limit=10
2014-12-31 09:45:49.600 Gameboard[98255:5751520] CloudCode URL:https://gameboard-cloud.mybluemix.net/gameboard-cloud/v1/apps/c38c1e01-6e8d-407a-a66b-fb0c7370d8d4/search?query=&skip=0&limit=10
2014-12-31 09:45:49.857 Gameboard[98255:5751520] CloudCode URL:https://gameboard-cloud.mybluemix.net/gameboard-cloud/v1/apps/c38c1e01-6e8d-407a-a66b-fb0c7370d8d4/search?query=&skip=0&limit=10
2014-12-31 09:45:50.097 Gameboard[98255:5751520] CloudCode URL:https://gameboard-cloud.mybluemix.net/gameboard-cloud/v1/apps/c38c1e01-6e8d-407a-a66b-fb0c7370d8d4/search?query=&skip=0&limit=10
2014-12-31 09:45:50.314 Gameboard[98255:5751520] CloudCode URL:https://gameboard-cloud.mybluemix.net/gameboard-cloud/v1/apps/c38c1e01-6e8d-407a-a66b-fb0c7370d8d4/search?query=&skip=0&limit=10
2014-12-31 09:45:50.531 Gameboard[98255:5751520] CloudCode URL:https://gameboard-cloud.mybluemix.net/gameboard-cloud/v1/apps/c38c1e01-6e8d-407a-a66b-fb0c7370d8d4/search?query=&skip=0&limit=10
2014-12-31 09:45:50.734 Gameboard[98255:5751520] CloudCode URL:https://gameboard-cloud.mybluemix.net/gameboard-cloud/v1/apps/c38c1e01-6e8d-407a-a66b-fb0c7370d8d4/search?query=&skip=0&limit=10
2014-12-31 09:45:50.980 Gameboard[98255:5751520] CloudCode URL:https://gameboard-cloud.mybluemix.net/gameboard-cloud/v1/apps/c38c1e01-6e8d-407a-a66b-fb0c7370d8d4/search?query=&skip=0&limit=10
2014-12-31 09:45:51.194 Gameboard[98255:5751520] CloudCode URL:https://gameboard-cloud.mybluemix.net/gameboard-cloud/v1/apps/c38c1e01-6e8d-407a-a66b-fb0c7370d8d4/search?query=&skip=0&limit=10
2014-12-31 09:45:51.411 Gameboard[98255:5751520] CloudCode URL:https://gameboard-cloud.mybluemix.net/gameboard-cloud/v1/apps/c38c1e01-6e8d-407a-a66b-fb0c7370d8d4/search?query=&skip=0&limit=10
2014-12-31 09:45:51.628 Gameboard[98255:5751520] CloudCode URL:https://gameboard-cloud.mybluemix.net/gameboard-cloud/v1/apps/c38c1e01-6e8d-407a-a66b-fb0c7370d8d4/search?query=&skip=0&limit=10
2014-12-31 09:45:51.861 Gameboard[98255:5751520] CloudCode URL:https://gameboard-cloud.mybluemix.net/gameboard-cloud/v1/apps/c38c1e01-6e8d-407a-a66b-fb0c7370d8d4/search?query=&skip=0&limit=10
2014-12-31 09:45:52.077 Gameboard[98255:5751520] CloudCode URL:https://gameboard-cloud.mybluemix.net/gameboard-cloud/v1/apps/c38c1e01-6e8d-407a-a66b-fb0c7370d8d4/search?query=&skip=0&limit=10
2014-12-31 09:45:52.396 Gameboard[98255:5751520] CloudCode URL:https://gameboard-cloud.mybluemix.net/gameboard-cloud/v1/apps/c38c1e01-6e8d-407a-a66b-fb0c7370d8d4/search?query=&skip=0&limit=10
2014-12-31 09:45:52.635 Gameboard[98255:5751520] CloudCode URL:https://gameboard-cloud.mybluemix.net/gameboard-cloud/v1/apps/c38c1e01-6e8d-407a-a66b-fb0c7370d8d4/search?query=&skip=0&limit=10
2014-12-31 09:45:53.011 Gameboard[98255:5751520] CloudCode URL:https://gameboard-cloud.mybluemix.net/gameboard-cloud/v1/apps/c38c1e01-6e8d-407a-a66b-fb0c7370d8d4/search?query=&skip=0&limit=10
2014-12-31 09:45:53.226 Gameboard[98255:5751520] CloudCode URL:https://gameboard-cloud.mybluemix.net/gameboard-cloud/v1/apps/c38c1e01-6e8d-407a-a66b-fb0c7370d8d4/search?query=&skip=0&limit=10
2014-12-31 09:45:53.531 Gameboard[98255:5751520] CloudCode URL:https://gameboard-cloud.mybluemix.net/gameboard-cloud/v1/apps/c38c1e01-6e8d-407a-a66b-fb0c7370d8d4/search?query=&skip=0&limit=10
2014-12-31 09:45:53.766 Gameboard[98255:5751520] CloudCode URL:https://gameboard-cloud.mybluemix.net/gameboard-cloud/v1/apps/c38c1e01-6e8d-407a-a66b-fb0c7370d8d4/search?query=&skip=0&limit=10
2014-12-31 09:45:54.029 Gameboard[98255:5751520] CloudCode URL:https://gameboard-cloud.mybluemix.net/gameboard-cloud/v1/apps/c38c1e01-6e8d-407a-a66b-fb0c7370d8d4/search?query=&skip=0&limit=10
2014-12-31 09:45:54.265 Gameboard[98255:5751520] CloudCode URL:https://gameboard-cloud.mybluemix.net/gameboard-cloud/v1/apps/c38c1e01-6e8d-407a-a66b-fb0c7370d8d4/search?query=&skip=0&limit=10
2014-12-31 09:45:54.500 Gameboard[98255:5751520] CloudCode URL:https://gameboard-cloud.mybluemix.net/gameboard-cloud/v1/apps/c38c1e01-6e8d-407a-a66b-fb0c7370d8d4/search?query=&skip=0&limit=10
2014-12-31 09:45:54.729 Gameboard[98255:5751520] CloudCode URL:https://gameboard-cloud.mybluemix.net/gameboard-cloud/v1/apps/c38c1e01-6e8d-407a-a66b-fb0c7370d8d4/search?query=&skip=0&limit=10
2014-12-31 09:45:54.963 Gameboard[98255:5751520] CloudCode URL:https://gameboard-cloud.mybluemix.net/gameboard-cloud/v1/apps/c38c1e01-6e8d-407a-a66b-fb0c7370d8d4/search?query=&skip=0&limit=10
2014-12-31 09:45:55.225 Gameboard[98255:5751520] CloudCode URL:https://gameboard-cloud.mybluemix.net/gameboard-cloud/v1/apps/c38c1e01-6e8d-407a-a66b-fb0c7370d8d4/search?query=&skip=0&limit=10
2014-12-31 09:45:55.458 Gameboard[98255:5751520] CloudCode URL:https://gameboard-cloud.mybluemix.net/gameboard-cloud/v1/apps/c38c1e01-6e8d-407a-a66b-fb0c7370d8d4/search?query=&skip=0&limit=10
2014-12-31 09:45:55.674 Gameboard[98255:5751520] CloudCode URL:https://gameboard-cloud.mybluemix.net/gameboard-cloud/v1/apps/c38c1e01-6e8d-407a-a66b-fb0c7370d8d4/search?query=&skip=0&limit=10
2014-12-31 09:45:55.918 Gameboard[98255:5751520] CloudCode URL:https://gameboard-cloud.mybluemix.net/gameboard-cloud/v1/apps/c38c1e01-6e8d-407a-a66b-fb0c7370d8d4/search?query=&skip=0&limit=10
2014-12-31 09:45:56.128 Gameboard[98255:5751520] CloudCode URL:https://gameboard-cloud.mybluemix.net/gameboard-cloud/v1/apps/c38c1e01-6e8d-407a-a66b-fb0c7370d8d4/search?query=&skip=0&limit=10
2014-12-31 09:45:56.400 Gameboard[98255:5751520] CloudCode URL:https://gameboard-cloud.mybluemix.net/gameboard-cloud/v1/apps/c38c1e01-6e8d-407a-a66b-fb0c7370d8d4/search?query=&skip=0&limit=10
2014-12-31 09:45:56.637 Gameboard[98255:5751520] CloudCode URL:https://gameboard-cloud.mybluemix.net/gameboard-cloud/v1/apps/c38c1e01-6e8d-407a-a66b-fb0c7370d8d4/search?query=&skip=0&limit=10
2014-12-31 09:45:56.908 Gameboard[98255:5751520] CloudCode URL:https://gameboard-cloud.mybluemix.net/gameboard-cloud/v1/apps/c38c1e01-6e8d-407a-a66b-fb0c7370d8d4/search?query=&skip=0&limit=10
2014-12-31 09:45:57.127 Gameboard[98255:5751520] CloudCode URL:https://gameboard-cloud.mybluemix.net/gameboard-cloud/v1/apps/c38c1e01-6e8d-407a-a66b-fb0c7370d8d4/search?query=&skip=0&limit=10
2014-12-31 09:45:57.363 Gameboard[98255:5751520] CloudCode URL:https://gameboard-cloud.mybluemix.net/gameboard-cloud/v1/apps/c38c1e01-6e8d-407a-a66b-fb0c7370d8d4/search?query=&skip=0&limit=10
2014-12-31 09:45:57.630 Gameboard[98255:5751520] CloudCode URL:https://gameboard-cloud.mybluemix.net/gameboard-cloud/v1/apps/c38c1e01-6e8d-407a-a66b-fb0c7370d8d4/search?query=&skip=0&limit=10
2014-12-31 09:45:57.862 Gameboard[98255:5751520] CloudCode URL:https://gameboard-cloud.mybluemix.net/gameboard-cloud/v1/apps/c38c1e01-6e8d-407a-a66b-fb0c7370d8d4/search?query=&skip=0&limit=10
2014-12-31 09:45:58.098 Gameboard[98255:5751520] CloudCode URL:https://gameboard-cloud.mybluemix.net/gameboard-cloud/v1/apps/c38c1e01-6e8d-407a-a66b-fb0c7370d8d4/search?query=&skip=0&limit=10
2014-12-31 09:45:58.337 Gameboard[98255:5751520] CloudCode URL:https://gameboard-cloud.mybluemix.net/gameboard-cloud/v1/apps/c38c1e01-6e8d-407a-a66b-fb0c7370d8d4/search?query=&skip=0&limit=10
2014-12-31 09:45:58.639 Gameboard[98255:5751520] CloudCode URL:https://gameboard-cloud.mybluemix.net/gameboard-cloud/v1/apps/c38c1e01-6e8d-407a-a66b-fb0c7370d8d4/search?query=&skip=0&limit=10
2014-12-31 09:45:58.887 Gameboard[98255:5751520] CloudCode URL:https://gameboard-cloud.mybluemix.net/gameboard-cloud/v1/apps/c38c1e01-6e8d-407a-a66b-fb0c7370d8d4/search?query=&skip=0&limit=10
2014-12-31 09:45:59.128 Gameboard[98255:5751520] CloudCode URL:https://gameboard-cloud.mybluemix.net/gameboard-cloud/v1/apps/c38c1e01-6e8d-407a-a66b-fb0c7370d8d4/search?query=&skip=0&limit=10
2014-12-31 09:45:59.365 Gameboard[98255:5751520] CloudCode URL:https://gameboard-cloud.mybluemix.net/gameboard-cloud/v1/apps/c38c1e01-6e8d-407a-a66b-fb0c7370d8d4/search?query=&skip=0&limit=10
2014-12-31 09:45:59.586 Gameboard[98255:5751520] CloudCode URL:https://gameboard-cloud.mybluemix.net/gameboard-cloud/v1/apps/c38c1e01-6e8d-407a-a66b-fb0c7370d8d4/search?query=&skip=0&limit=10
2014-12-31 09:45:59.874 Gameboard[98255:5751520] CloudCode URL:https://gameboard-cloud.mybluemix.net/gameboard-cloud/v1/apps/c38c1e01-6e8d-407a-a66b-fb0c7370d8d4/search?query=&skip=0&limit=10
2014-12-31 09:46:00.092 Gameboard[98255:5751520] CloudCode URL:https://gameboard-cloud.mybluemix.net/gameboard-cloud/v1/apps/c38c1e01-6e8d-407a-a66b-fb0c7370d8d4/search?query=&skip=0&limit=10
2014-12-31 09:46:00.311 Gameboard[98255:5751520] CloudCode URL:https://gameboard-cloud.mybluemix.net/gameboard-cloud/v1/apps/c38c1e01-6e8d-407a-a66b-fb0c7370d8d4/search?query=&skip=0&limit=10
2014-12-31 09:46:00.526 Gameboard[98255:5751520] CloudCode URL:https://gameboard-cloud.mybluemix.net/gameboard-cloud/v1/apps/c38c1e01-6e8d-407a-a66b-fb0c7370d8d4/search?query=&skip=0&limit=10
2014-12-31 09:46:00.740 Gameboard[98255:5751520] CloudCode URL:https://gameboard-cloud.mybluemix.net/gameboard-cloud/v1/apps/c38c1e01-6e8d-407a-a66b-fb0c7370d8d4/search?query=&skip=0&limit=10
2014-12-31 09:46:00.975 Gameboard[98255:5751520] CloudCode URL:https://gameboard-cloud.mybluemix.net/gameboard-cloud/v1/apps/c38c1e01-6e8d-407a-a66b-fb0c7370d8d4/search?query=&skip=0&limit=10
2014-12-31 09:46:01.192 Gameboard[98255:5751520] CloudCode URL:https://gameboard-cloud.mybluemix.net/gameboard-cloud/v1/apps/c38c1e01-6e8d-407a-a66b-fb0c7370d8d4/search?query=&skip=0&limit=10
2014-12-31 09:46:01.424 Gameboard[98255:5751520] CloudCode URL:https://gameboard-cloud.mybluemix.net/gameboard-cloud/v1/apps/c38c1e01-6e8d-407a-a66b-fb0c7370d8d4/search?query=&skip=0&limit=10
2014-12-31 09:46:01.641 Gameboard[98255:5751520] CloudCode URL:https://gameboard-cloud.mybluemix.net/gameboard-cloud/v1/apps/c38c1e01-6e8d-407a-a66b-fb0c7370d8d4/search?query=&skip=0&limit=10
2014-12-31 09:46:01.869 Gameboard[98255:5751520] CloudCode URL:https://gameboard-cloud.mybluemix.net/gameboard-cloud/v1/apps/c38c1e01-6e8d-407a-a66b-fb0c7370d8d4/search?query=&skip=0&limit=10
